<?xml version="1.0" encoding="UTF-8"?>
<testsuite name="org.hyperledger.fabric.shim.impl.KeyValueImplTest" tests="4" skipped="0" failures="0" errors="0" timestamp="2017-07-18T03:43:17" hostname="Chalene-MacBook-Pro.local" time="0.005">
  <properties/>
  <testcase name="testGetValue" classname="org.hyperledger.fabric.shim.impl.KeyValueImplTest" time="0.004"/>
  <testcase name="testKeyValueImpl" classname="org.hyperledger.fabric.shim.impl.KeyValueImplTest" time="0.0"/>
  <testcase name="testGetStringValue" classname="org.hyperledger.fabric.shim.impl.KeyValueImplTest" time="0.0"/>
  <testcase name="testGetKey" classname="org.hyperledger.fabric.shim.impl.KeyValueImplTest" time="0.0"/>
  <system-out><![CDATA[]]></system-out>
  <system-err><![CDATA[]]></system-err>
</testsuite>
